-------------------------------------------------------------------------------
Test set: ca.jrvs.apps.twitter.dao.helper.TwitterHttpHelperTest
-------------------------------------------------------------------------------
Tests run: 2, Failures: 0, Errors: 2, Skipped: 0, Time elapsed: 0.042 s <<< FAILURE! - in ca.jrvs.apps.twitter.dao.helper.TwitterHttpHelperTest
httpPost(ca.jrvs.apps.twitter.dao.helper.TwitterHttpHelperTest)  Time elapsed: 0.031 s  <<< ERROR!
java.lang.RuntimeException: Failed to execute
	at ca.jrvs.apps.twitter.dao.helper.TwitterHttpHelperTest.httpPost(TwitterHttpHelperTest.java:28)
Caused by: oauth.signpost.exception.OAuthExpectationFailedException: consumer key not set
	at ca.jrvs.apps.twitter.dao.helper.TwitterHttpHelperTest.httpPost(TwitterHttpHelperTest.java:28)

httpGet(ca.jrvs.apps.twitter.dao.helper.TwitterHttpHelperTest)  Time elapsed: 0.011 s  <<< ERROR!
java.lang.RuntimeException: oauth.signpost.exception.OAuthExpectationFailedException: consumer key not set
	at ca.jrvs.apps.twitter.dao.helper.TwitterHttpHelperTest.httpGet(TwitterHttpHelperTest.java:34)
Caused by: oauth.signpost.exception.OAuthExpectationFailedException: consumer key not set
	at ca.jrvs.apps.twitter.dao.helper.TwitterHttpHelperTest.httpGet(TwitterHttpHelperTest.java:34)

