-------------------------------------------------------------------------------
Test set: ca.jrvs.apps.twitter.controller.TwitterControllerUnitTest
-------------------------------------------------------------------------------
Tests run: 3, Failures: 1, Errors: 0, Skipped: 0, Time elapsed: 0.089 s <<< FAILURE! - in ca.jrvs.apps.twitter.controller.TwitterControllerUnitTest
showTweet(ca.jrvs.apps.twitter.controller.TwitterControllerUnitTest)  Time elapsed: 0.002 s  <<< FAILURE!
java.lang.AssertionError
	at ca.jrvs.apps.twitter.controller.TwitterControllerUnitTest.showTweet(TwitterControllerUnitTest.java:51)

