<?xml version="1.0" encoding="UTF-8"?>
<testsuite xmlns:xsi="http://www.w3.org/2001/XMLSchema-instance" xsi:noNamespaceSchemaLocation="https://maven.apache.org/surefire/maven-surefire-plugin/xsd/surefire-test-report.xsd" name="ca.jrvs.apps.twitter.dao.helper.TwitterHttpHelperTest" time="0.042" tests="2" errors="2" skipped="0" failures="0">
  <properties>
[...]
</properties>
  <testcase name="httpPost" classname="ca.jrvs.apps.twitter.dao.helper.TwitterHttpHelperTest" time="0.031">
    <error message="Failed to execute" type="java.lang.RuntimeException">java.lang.RuntimeException: Failed to execute
	at ca.jrvs.apps.twitter.dao.helper.TwitterHttpHelperTest.httpPost(TwitterHttpHelperTest.java:28)
Caused by: oauth.signpost.exception.OAuthExpectationFailedException: consumer key not set
	at ca.jrvs.apps.twitter.dao.helper.TwitterHttpHelperTest.httpPost(TwitterHttpHelperTest.java:28)
</error>
  </testcase>
  <testcase name="httpGet" classname="ca.jrvs.apps.twitter.dao.helper.TwitterHttpHelperTest" time="0.011">
    <error message="oauth.signpost.exception.OAuthExpectationFailedException: consumer key not set" type="java.lang.RuntimeException">java.lang.RuntimeException: oauth.signpost.exception.OAuthExpectationFailedException: consumer key not set
	at ca.jrvs.apps.twitter.dao.helper.TwitterHttpHelperTest.httpGet(TwitterHttpHelperTest.java:34)
Caused by: oauth.signpost.exception.OAuthExpectationFailedException: consumer key not set
	at ca.jrvs.apps.twitter.dao.helper.TwitterHttpHelperTest.httpGet(TwitterHttpHelperTest.java:34)
</error>
  </testcase>
</testsuite>